2019-08-04 14:36:43.204  INFO [users-ws,,,] 13512 --- [restartedMain] c.c.c.ConfigServicePropertySourceLocator : Fetching config from server at : http://localhost:8012
2019-08-04 14:36:49.456  INFO [users-ws,,,] 13512 --- [restartedMain] c.c.c.ConfigServicePropertySourceLocator : Located environment: name=users-ws, profiles=[default], label=null, version=null, state=null
2019-08-04 14:36:49.456  INFO [users-ws,,,] 13512 --- [restartedMain] b.c.PropertySourceBootstrapConfiguration : Located property source: CompositePropertySource {name='configService', propertySources=[MapPropertySource {name='file:///C:/Temp/PhotoApiConfigServer/users-ws.properties'}, MapPropertySource {name='file:///C:/Temp/PhotoApiConfigServer/application.properties'}, MapPropertySource {name='https://github.com/lassulfi/PhotoAppAPIConfiguration/application.properties'}]}
2019-08-04 14:36:49.489  INFO [users-ws,,,] 13512 --- [restartedMain] c.l.a.p.a.u.PhotoAppApiUsersApplication  : No active profile set, falling back to default profiles: default
2019-08-04 14:36:51.549  INFO [users-ws,,,] 13512 --- [restartedMain] .s.d.r.c.RepositoryConfigurationDelegate : Bootstrapping Spring Data repositories in DEFAULT mode.
2019-08-04 14:36:51.597  INFO [users-ws,,,] 13512 --- [restartedMain] .s.d.r.c.RepositoryConfigurationDelegate : Finished Spring Data repository scanning in 47ms. Found 1 repository interfaces.
2019-08-04 14:36:51.992  INFO [users-ws,,,] 13512 --- [restartedMain] o.s.cloud.context.scope.GenericScope     : BeanFactory id=5beb4fc5-8270-3a2f-9cb0-7e1f469cb142
2019-08-04 14:36:52.009  INFO [users-ws,,,] 13512 --- [restartedMain] faultConfiguringBeanFactoryPostProcessor : No bean named 'errorChannel' has been explicitly defined. Therefore, a default PublishSubscribeChannel will be created.
2019-08-04 14:36:52.009  INFO [users-ws,,,] 13512 --- [restartedMain] faultConfiguringBeanFactoryPostProcessor : No bean named 'taskScheduler' has been explicitly defined. Therefore, a default ThreadPoolTaskScheduler will be created.
2019-08-04 14:36:52.014  INFO [users-ws,,,] 13512 --- [restartedMain] faultConfiguringBeanFactoryPostProcessor : No bean named 'integrationHeaderChannelRegistry' has been explicitly defined. Therefore, a default DefaultHeaderChannelRegistry will be created.
2019-08-04 14:36:52.137  INFO [users-ws,,,] 13512 --- [restartedMain] trationDelegate$BeanPostProcessorChecker : Bean 'org.springframework.transaction.annotation.ProxyTransactionManagementConfiguration' of type [org.springframework.transaction.annotation.ProxyTransactionManagementConfiguration$$EnhancerBySpringCGLIB$$60c48688] is not eligible for getting processed by all BeanPostProcessors (for example: not eligible for auto-proxying)
2019-08-04 14:36:52.162  INFO [users-ws,,,] 13512 --- [restartedMain] trationDelegate$BeanPostProcessorChecker : Bean 'integrationDisposableAutoCreatedBeans' of type [org.springframework.integration.config.annotation.Disposables] is not eligible for getting processed by all BeanPostProcessors (for example: not eligible for auto-proxying)
2019-08-04 14:36:52.216  INFO [users-ws,,,] 13512 --- [restartedMain] trationDelegate$BeanPostProcessorChecker : Bean 'org.springframework.integration.config.IntegrationManagementConfiguration' of type [org.springframework.integration.config.IntegrationManagementConfiguration$$EnhancerBySpringCGLIB$$cbb641b7] is not eligible for getting processed by all BeanPostProcessors (for example: not eligible for auto-proxying)
2019-08-04 14:36:52.234  INFO [users-ws,,,] 13512 --- [restartedMain] trationDelegate$BeanPostProcessorChecker : Bean 'org.springframework.boot.autoconfigure.integration.IntegrationAutoConfiguration$IntegrationJmxConfiguration' of type [org.springframework.boot.autoconfigure.integration.IntegrationAutoConfiguration$IntegrationJmxConfiguration$$EnhancerBySpringCGLIB$$a7484cd7] is not eligible for getting processed by all BeanPostProcessors (for example: not eligible for auto-proxying)
2019-08-04 14:36:52.239  INFO [users-ws,,,] 13512 --- [restartedMain] trationDelegate$BeanPostProcessorChecker : Bean 'org.springframework.boot.autoconfigure.jmx.JmxAutoConfiguration' of type [org.springframework.boot.autoconfigure.jmx.JmxAutoConfiguration$$EnhancerBySpringCGLIB$$e02ff5a4] is not eligible for getting processed by all BeanPostProcessors (for example: not eligible for auto-proxying)
2019-08-04 14:36:52.249  INFO [users-ws,,,] 13512 --- [restartedMain] trationDelegate$BeanPostProcessorChecker : Bean 'mbeanServer' of type [com.sun.jmx.mbeanserver.JmxMBeanServer] is not eligible for getting processed by all BeanPostProcessors (for example: not eligible for auto-proxying)
2019-08-04 14:36:52.340  INFO [users-ws,,,] 13512 --- [restartedMain] trationDelegate$BeanPostProcessorChecker : Bean 'org.springframework.cloud.autoconfigure.ConfigurationPropertiesRebinderAutoConfiguration' of type [org.springframework.cloud.autoconfigure.ConfigurationPropertiesRebinderAutoConfiguration$$EnhancerBySpringCGLIB$$7cde8985] is not eligible for getting processed by all BeanPostProcessors (for example: not eligible for auto-proxying)
2019-08-04 14:36:53.644  INFO [users-ws,,,] 13512 --- [restartedMain] o.s.b.w.embedded.tomcat.TomcatWebServer  : Tomcat initialized with port(s): 0 (http)
2019-08-04 14:36:53.648  INFO [users-ws,,,] 13512 --- [restartedMain] o.apache.catalina.core.StandardService   : Starting service [Tomcat]
2019-08-04 14:36:53.649  INFO [users-ws,,,] 13512 --- [restartedMain] org.apache.catalina.core.StandardEngine  : Starting Servlet engine: [Apache Tomcat/9.0.21]
2019-08-04 14:36:53.710  INFO [users-ws,,,] 13512 --- [restartedMain] o.a.c.c.C.[Tomcat].[localhost].[/]       : Initializing Spring embedded WebApplicationContext
2019-08-04 14:36:53.710  INFO [users-ws,,,] 13512 --- [restartedMain] o.s.web.context.ContextLoader            : Root WebApplicationContext: initialization completed in 4212 ms
2019-08-04 14:36:53.934  WARN [users-ws,,,] 13512 --- [restartedMain] c.n.c.sources.URLConfigurationSource     : No URLs will be polled as dynamic configuration sources.
2019-08-04 14:36:53.934  INFO [users-ws,,,] 13512 --- [restartedMain] c.n.c.sources.URLConfigurationSource     : To enable URLs as dynamic configuration sources, define System property archaius.configurationSource.additionalUrls or make config.properties available on classpath.
2019-08-04 14:36:53.935  INFO [users-ws,,,] 13512 --- [restartedMain] c.netflix.config.DynamicPropertyFactory  : DynamicPropertyFactory is initialized with configuration sources: com.netflix.config.ConcurrentCompositeConfiguration@20bf9b0a
2019-08-04 14:36:57.313  INFO [users-ws,,,] 13512 --- [restartedMain] o.s.s.c.ThreadPoolTaskScheduler          : Initializing ExecutorService 'taskScheduler'
2019-08-04 14:36:58.062  INFO [users-ws,,,] 13512 --- [restartedMain] com.zaxxer.hikari.HikariDataSource       : HikariPool-3 - Starting...
2019-08-04 14:36:58.130  INFO [users-ws,,,] 13512 --- [restartedMain] com.zaxxer.hikari.HikariDataSource       : HikariPool-3 - Start completed.
2019-08-04 14:36:58.169  INFO [users-ws,,,] 13512 --- [restartedMain] o.hibernate.jpa.internal.util.LogHelper  : HHH000204: Processing PersistenceUnitInfo [
	name: default
	...]
2019-08-04 14:36:58.203  INFO [users-ws,,,] 13512 --- [restartedMain] org.hibernate.dialect.Dialect            : HHH000400: Using dialect: org.hibernate.dialect.MySQL5Dialect
2019-08-04 14:36:58.321  INFO [users-ws,,,] 13512 --- [restartedMain] j.LocalContainerEntityManagerFactoryBean : Initialized JPA EntityManagerFactory for persistence unit 'default'
2019-08-04 14:36:58.545  WARN [users-ws,,,] 13512 --- [restartedMain] o.s.b.d.a.OptionalLiveReloadServer       : Unable to start LiveReload server
2019-08-04 14:36:59.704  WARN [users-ws,,,] 13512 --- [restartedMain] aWebConfiguration$JpaWebMvcConfiguration : spring.jpa.open-in-view is enabled by default. Therefore, database queries may be performed during view rendering. Explicitly configure spring.jpa.open-in-view to disable this warning
2019-08-04 14:37:00.098  INFO [users-ws,,,] 13512 --- [restartedMain] o.s.b.a.e.web.EndpointLinksResolver      : Exposing 1 endpoint(s) beneath base path '/actuator'
2019-08-04 14:37:00.186  INFO [users-ws,,,] 13512 --- [restartedMain] o.s.s.web.DefaultSecurityFilterChain     : Creating filter chain: any request, [org.springframework.security.web.context.request.async.WebAsyncManagerIntegrationFilter@ecaa7f2, org.springframework.security.web.context.SecurityContextPersistenceFilter@37320f92, org.springframework.security.web.header.HeaderWriterFilter@32b5e2fa, org.springframework.web.filter.CorsFilter@c4c26aa, org.springframework.security.web.authentication.logout.LogoutFilter@40088029, com.lassulfi.app.photoapp.api.users.security.AuthenticationFilter@e5efe5c, org.springframework.security.web.savedrequest.RequestCacheAwareFilter@189e15e, org.springframework.security.web.servletapi.SecurityContextHolderAwareRequestFilter@7c53216, org.springframework.security.web.authentication.AnonymousAuthenticationFilter@54c9d4e4, org.springframework.security.web.session.SessionManagementFilter@3ede7821, org.springframework.security.web.access.ExceptionTranslationFilter@d5ae468, org.springframework.security.web.access.intercept.FilterSecurityInterceptor@20035b85]
2019-08-04 14:37:00.237  WARN [users-ws,,,] 13512 --- [restartedMain] c.n.c.sources.URLConfigurationSource     : No URLs will be polled as dynamic configuration sources.
2019-08-04 14:37:00.237  INFO [users-ws,,,] 13512 --- [restartedMain] c.n.c.sources.URLConfigurationSource     : To enable URLs as dynamic configuration sources, define System property archaius.configurationSource.additionalUrls or make config.properties available on classpath.
2019-08-04 14:37:00.495  INFO [users-ws,,,] 13512 --- [restartedMain] o.s.s.concurrent.ThreadPoolTaskExecutor  : Initializing ExecutorService 'applicationTaskExecutor'
2019-08-04 14:37:06.767  INFO [users-ws,,,] 13512 --- [RMI TCP Connection(2)-127.0.0.1] o.a.c.c.C.[Tomcat].[localhost].[/]       : Initializing Spring DispatcherServlet 'dispatcherServlet'
2019-08-04 14:37:06.768  INFO [users-ws,,,] 13512 --- [RMI TCP Connection(2)-127.0.0.1] o.s.web.servlet.DispatcherServlet        : Initializing Servlet 'dispatcherServlet'
2019-08-04 14:37:06.832  INFO [users-ws,,,] 13512 --- [RMI TCP Connection(2)-127.0.0.1] o.s.web.servlet.DispatcherServlet        : Completed initialization in 64 ms
2019-08-04 14:37:07.419  INFO [users-ws,,,] 13512 --- [restartedMain] o.s.c.s.m.DirectWithAttributesChannel    : Channel 'application-1.springCloudBusInput' has 1 subscriber(s).
2019-08-04 14:37:07.670  INFO [users-ws,,,] 13512 --- [restartedMain] o.s.i.monitor.IntegrationMBeanExporter   : Registering MessageChannel nullChannel
2019-08-04 14:37:07.713  INFO [users-ws,,,] 13512 --- [restartedMain] o.s.i.monitor.IntegrationMBeanExporter   : Registering MessageChannel springCloudBusInput
2019-08-04 14:37:07.735  INFO [users-ws,,,] 13512 --- [restartedMain] o.s.i.monitor.IntegrationMBeanExporter   : Registering MessageChannel errorChannel
2019-08-04 14:37:07.759  INFO [users-ws,,,] 13512 --- [restartedMain] o.s.i.monitor.IntegrationMBeanExporter   : Registering MessageChannel springCloudBusOutput
2019-08-04 14:37:07.807  INFO [users-ws,,,] 13512 --- [restartedMain] o.s.i.monitor.IntegrationMBeanExporter   : Registering MessageHandler org.springframework.cloud.stream.binding.StreamListenerMessageHandler@40ca7f3d
2019-08-04 14:37:07.840  INFO [users-ws,,,] 13512 --- [restartedMain] o.s.i.monitor.IntegrationMBeanExporter   : Registering MessageHandler errorLogger
2019-08-04 14:37:07.970  INFO [users-ws,,,] 13512 --- [restartedMain] o.s.i.endpoint.EventDrivenConsumer       : Adding {logging-channel-adapter:_org.springframework.integration.errorLogger} as a subscriber to the 'errorChannel' channel
2019-08-04 14:37:07.971  INFO [users-ws,,,] 13512 --- [restartedMain] o.s.i.channel.PublishSubscribeChannel    : Channel 'application-1.errorChannel' has 1 subscriber(s).
2019-08-04 14:37:07.971  INFO [users-ws,,,] 13512 --- [restartedMain] o.s.i.endpoint.EventDrivenConsumer       : started _org.springframework.integration.errorLogger
2019-08-04 14:37:09.439  INFO [users-ws,,,] 13512 --- [restartedMain] c.c.c.ConfigServicePropertySourceLocator : Fetching config from server at : http://localhost:8012
2019-08-04 14:37:14.745  INFO [users-ws,,,] 13512 --- [restartedMain] c.c.c.ConfigServicePropertySourceLocator : Located environment: name=users-ws, profiles=[default], label=null, version=null, state=null
2019-08-04 14:37:14.745  INFO [users-ws,,,] 13512 --- [restartedMain] b.c.PropertySourceBootstrapConfiguration : Located property source: CompositePropertySource {name='configService', propertySources=[MapPropertySource {name='file:///C:/Temp/PhotoApiConfigServer/users-ws.properties'}, MapPropertySource {name='file:///C:/Temp/PhotoApiConfigServer/application.properties'}, MapPropertySource {name='https://github.com/lassulfi/PhotoAppAPIConfiguration/application.properties'}]}
2019-08-04 14:37:14.992  INFO [users-ws,,,] 13512 --- [restartedMain] o.s.a.r.c.CachingConnectionFactory       : Attempting to connect to: [localhost:5672]
2019-08-04 14:37:15.042  INFO [users-ws,,,] 13512 --- [restartedMain] o.s.a.r.c.CachingConnectionFactory       : Created new connection: rabbitConnectionFactory#5583ff47:0/SimpleConnection@4088a9be [delegate=amqp://guest@127.0.0.1:5672/, localPort= 57529]
2019-08-04 14:37:15.066  INFO [users-ws,,,] 13512 --- [restartedMain] o.s.c.s.m.DirectWithAttributesChannel    : Channel 'application-1.springCloudBusOutput' has 1 subscriber(s).
2019-08-04 14:37:15.180  INFO [users-ws,,,] 13512 --- [restartedMain] c.s.b.r.p.RabbitExchangeQueueProvisioner : declaring queue for inbound: springCloudBus.anonymous.g6rMTeGcTheTBtSz7BraEQ, bound to: springCloudBus
2019-08-04 14:37:15.295  INFO [users-ws,,,] 13512 --- [restartedMain] o.s.i.monitor.IntegrationMBeanExporter   : Registering MessageChannel springCloudBus.anonymous.g6rMTeGcTheTBtSz7BraEQ.errors
2019-08-04 14:37:15.326  INFO [users-ws,,,] 13512 --- [restartedMain] o.s.c.stream.binder.BinderErrorChannel   : Channel 'application-1.springCloudBus.anonymous.g6rMTeGcTheTBtSz7BraEQ.errors' has 1 subscriber(s).
2019-08-04 14:37:15.327  INFO [users-ws,,,] 13512 --- [restartedMain] o.s.c.stream.binder.BinderErrorChannel   : Channel 'application-1.springCloudBus.anonymous.g6rMTeGcTheTBtSz7BraEQ.errors' has 2 subscriber(s).
2019-08-04 14:37:15.416  INFO [users-ws,,,] 13512 --- [restartedMain] o.s.i.a.i.AmqpInboundChannelAdapter      : started inbound.springCloudBus.anonymous.g6rMTeGcTheTBtSz7BraEQ
2019-08-04 14:37:15.531  INFO [users-ws,,,] 13512 --- [restartedMain] o.s.b.w.embedded.tomcat.TomcatWebServer  : Tomcat started on port(s): 57530 (http) with context path ''
2019-08-04 14:37:15.533  INFO [users-ws,,,] 13512 --- [restartedMain] .s.c.n.e.s.EurekaAutoServiceRegistration : Updating port to 57530
2019-08-04 14:37:15.540  INFO [users-ws,,,] 13512 --- [restartedMain] o.s.c.n.eureka.InstanceInfoFactory       : Setting initial instance status as: STARTING
2019-08-04 14:37:15.566  INFO [users-ws,,,] 13512 --- [restartedMain] com.netflix.discovery.DiscoveryClient    : Initializing Eureka in region us-east-1
2019-08-04 14:37:15.572  INFO [users-ws,,,] 13512 --- [restartedMain] c.n.d.provider.DiscoveryJerseyProvider   : Using JSON encoding codec LegacyJacksonJson
2019-08-04 14:37:15.572  INFO [users-ws,,,] 13512 --- [restartedMain] c.n.d.provider.DiscoveryJerseyProvider   : Using JSON decoding codec LegacyJacksonJson
2019-08-04 14:37:15.573  INFO [users-ws,,,] 13512 --- [restartedMain] c.n.d.provider.DiscoveryJerseyProvider   : Using XML encoding codec XStreamXml
2019-08-04 14:37:15.573  INFO [users-ws,,,] 13512 --- [restartedMain] c.n.d.provider.DiscoveryJerseyProvider   : Using XML decoding codec XStreamXml
2019-08-04 14:37:15.757  INFO [users-ws,,,] 13512 --- [restartedMain] c.n.d.s.r.aws.ConfigClusterResolver      : Resolving eureka endpoints via configuration
2019-08-04 14:37:15.760  INFO [users-ws,,,] 13512 --- [restartedMain] com.netflix.discovery.DiscoveryClient    : Disable delta property : false
2019-08-04 14:37:15.760  INFO [users-ws,,,] 13512 --- [restartedMain] com.netflix.discovery.DiscoveryClient    : Single vip registry refresh property : null
2019-08-04 14:37:15.760  INFO [users-ws,,,] 13512 --- [restartedMain] com.netflix.discovery.DiscoveryClient    : Force full registry fetch : false
2019-08-04 14:37:15.760  INFO [users-ws,,,] 13512 --- [restartedMain] com.netflix.discovery.DiscoveryClient    : Application is null : false
2019-08-04 14:37:15.760  INFO [users-ws,,,] 13512 --- [restartedMain] com.netflix.discovery.DiscoveryClient    : Registered Applications size is zero : true
2019-08-04 14:37:15.761  INFO [users-ws,,,] 13512 --- [restartedMain] com.netflix.discovery.DiscoveryClient    : Application version is -1: true
2019-08-04 14:37:15.761  INFO [users-ws,,,] 13512 --- [restartedMain] com.netflix.discovery.DiscoveryClient    : Getting all instance registry info from the eureka server
2019-08-04 14:37:15.766  INFO [users-ws,,,] 13512 --- [restartedMain] com.netflix.discovery.DiscoveryClient    : The response status is 200
2019-08-04 14:37:15.767  INFO [users-ws,,,] 13512 --- [restartedMain] com.netflix.discovery.DiscoveryClient    : Starting heartbeat executor: renew interval is: 30
2019-08-04 14:37:15.768  INFO [users-ws,,,] 13512 --- [restartedMain] c.n.discovery.InstanceInfoReplicator     : InstanceInfoReplicator onDemand update allowed rate per min is 4
2019-08-04 14:37:15.769  INFO [users-ws,,,] 13512 --- [restartedMain] com.netflix.discovery.DiscoveryClient    : Discovery Client initialized at timestamp 1564940235769 with initial instances count: 2
2019-08-04 14:37:15.801  INFO [users-ws,,,] 13512 --- [restartedMain] o.s.c.n.e.s.EurekaServiceRegistry        : Registering application USERS-WS with eureka with status UP
2019-08-04 14:37:15.801  INFO [users-ws,,,] 13512 --- [restartedMain] com.netflix.discovery.DiscoveryClient    : Saw local status change event StatusChangeEvent [timestamp=1564940235801, current=UP, previous=STARTING]
2019-08-04 14:37:15.802  INFO [users-ws,,,] 13512 --- [DiscoveryClient-InstanceInfoReplicator-0] com.netflix.discovery.DiscoveryClient    : DiscoveryClient_USERS-WS/users-ws:342cde8f14438b5756624635617d8a70: registering service...
2019-08-04 14:37:15.806  INFO [users-ws,,,] 13512 --- [restartedMain] c.l.a.p.a.u.PhotoAppApiUsersApplication  : Started PhotoAppApiUsersApplication in 37.468 seconds (JVM running for 3267.525)
2019-08-04 14:37:15.809  INFO [users-ws,,,] 13512 --- [DiscoveryClient-InstanceInfoReplicator-0] com.netflix.discovery.DiscoveryClient    : DiscoveryClient_USERS-WS/users-ws:342cde8f14438b5756624635617d8a70 - registration status: 204
2019-08-04 14:37:15.831  INFO [users-ws,,,] 13512 --- [restartedMain] .ConditionEvaluationDeltaLoggingListener : Condition evaluation delta:


==========================
CONDITION EVALUATION DELTA
==========================


Positive matches:
-----------------

   LogFileWebEndpointAutoConfiguration#logFileWebEndpoint matched:
      - Log File found logging.file users-ws.log (LogFileWebEndpointAutoConfiguration.LogFileCondition)
      - @ConditionalOnMissingBean (types: org.springframework.boot.actuate.logging.LogFileWebEndpoint; SearchStrategy: all) did not find any beans (OnBeanCondition)


Negative matches:
-----------------

    None


Exclusions:
-----------

    None


Unconditional classes:
----------------------

    None



2019-08-04 14:40:06.141  INFO [users-ws,,,] 13512 --- [Thread-36] o.s.c.n.e.s.EurekaServiceRegistry        : Unregistering application USERS-WS with eureka with status DOWN
2019-08-04 14:40:06.141  WARN [users-ws,,,] 13512 --- [Thread-36] com.netflix.discovery.DiscoveryClient    : Saw local status change event StatusChangeEvent [timestamp=1564940406141, current=DOWN, previous=UP]
2019-08-04 14:40:06.141  INFO [users-ws,,,] 13512 --- [DiscoveryClient-InstanceInfoReplicator-0] com.netflix.discovery.DiscoveryClient    : DiscoveryClient_USERS-WS/users-ws:342cde8f14438b5756624635617d8a70: registering service...
2019-08-04 14:40:06.146  INFO [users-ws,,,] 13512 --- [DiscoveryClient-InstanceInfoReplicator-0] com.netflix.discovery.DiscoveryClient    : DiscoveryClient_USERS-WS/users-ws:342cde8f14438b5756624635617d8a70 - registration status: 204
2019-08-04 14:40:06.169  INFO [users-ws,,,] 13512 --- [Thread-36] o.s.a.r.l.SimpleMessageListenerContainer : Waiting for workers to finish.
2019-08-04 14:40:06.261  INFO [users-ws,,,] 13512 --- [Thread-36] o.s.a.r.l.SimpleMessageListenerContainer : Successfully waited for workers to finish.
2019-08-04 14:40:06.266  INFO [users-ws,,,] 13512 --- [Thread-36] o.s.i.a.i.AmqpInboundChannelAdapter      : stopped inbound.springCloudBus.anonymous.g6rMTeGcTheTBtSz7BraEQ
2019-08-04 14:40:06.268  INFO [users-ws,,,] 13512 --- [Thread-36] o.s.c.stream.binder.BinderErrorChannel   : Channel 'application-1.springCloudBus.anonymous.g6rMTeGcTheTBtSz7BraEQ.errors' has 1 subscriber(s).
2019-08-04 14:40:06.268  INFO [users-ws,,,] 13512 --- [Thread-36] o.s.c.stream.binder.BinderErrorChannel   : Channel 'application-1.springCloudBus.anonymous.g6rMTeGcTheTBtSz7BraEQ.errors' has 0 subscriber(s).
2019-08-04 14:40:06.269  INFO [users-ws,,,] 13512 --- [Thread-36] o.s.i.endpoint.EventDrivenConsumer       : Removing {logging-channel-adapter:_org.springframework.integration.errorLogger} as a subscriber to the 'errorChannel' channel
2019-08-04 14:40:06.269  INFO [users-ws,,,] 13512 --- [Thread-36] o.s.i.channel.PublishSubscribeChannel    : Channel 'application-1.errorChannel' has 0 subscriber(s).
2019-08-04 14:40:06.269  INFO [users-ws,,,] 13512 --- [Thread-36] o.s.i.endpoint.EventDrivenConsumer       : stopped _org.springframework.integration.errorLogger
2019-08-04 14:40:06.273  INFO [users-ws,,,] 13512 --- [Thread-36] o.s.s.concurrent.ThreadPoolTaskExecutor  : Shutting down ExecutorService 'applicationTaskExecutor'
2019-08-04 14:40:06.276  INFO [users-ws,,,] 13512 --- [Thread-36] j.LocalContainerEntityManagerFactoryBean : Closing JPA EntityManagerFactory for persistence unit 'default'
2019-08-04 14:40:06.280  INFO [users-ws,,,] 13512 --- [Thread-36] o.s.s.c.ThreadPoolTaskScheduler          : Shutting down ExecutorService 'taskScheduler'
2019-08-04 14:40:06.745  WARN [users-ws,,,] 13512 --- [AsyncReporter{org.springframework.cloud.sleuth.zipkin2.sender.RestTemplateSender@56745817}] s.c.a.AnnotationConfigApplicationContext : Exception encountered during context initialization - cancelling refresh attempt: org.springframework.beans.factory.UnsatisfiedDependencyException: Error creating bean with name 'eurekaRibbonClientConfiguration': Unsatisfied dependency expressed through field 'eurekaConfig'; nested exception is org.springframework.beans.factory.BeanCreationNotAllowedException: Error creating bean with name 'eurekaInstanceConfigBean': Singleton bean creation not allowed while singletons of this factory are in destruction (Do not request a bean from a BeanFactory in a destroy method implementation!)
2019-08-04 14:40:06.747  INFO [users-ws,,,] 13512 --- [Thread-36] o.s.i.monitor.IntegrationMBeanExporter   : Summary on shutdown: nullChannel
2019-08-04 14:40:06.747  INFO [users-ws,,,] 13512 --- [Thread-36] o.s.i.monitor.IntegrationMBeanExporter   : Summary on shutdown: springCloudBusInput
2019-08-04 14:40:06.747  INFO [users-ws,,,] 13512 --- [Thread-36] o.s.i.monitor.IntegrationMBeanExporter   : Summary on shutdown: springCloudBus.anonymous.g6rMTeGcTheTBtSz7BraEQ.errors
2019-08-04 14:40:06.747  INFO [users-ws,,,] 13512 --- [Thread-36] o.s.i.monitor.IntegrationMBeanExporter   : Summary on shutdown: errorChannel
2019-08-04 14:40:06.747  INFO [users-ws,,,] 13512 --- [Thread-36] o.s.i.monitor.IntegrationMBeanExporter   : Summary on shutdown: springCloudBusOutput
2019-08-04 14:40:06.747  INFO [users-ws,,,] 13512 --- [Thread-36] o.s.i.monitor.IntegrationMBeanExporter   : Summary on shutdown: org.springframework.cloud.stream.binding.StreamListenerMessageHandler@40ca7f3d
2019-08-04 14:40:06.747  INFO [users-ws,,,] 13512 --- [Thread-36] o.s.i.monitor.IntegrationMBeanExporter   : Summary on shutdown: _org.springframework.integration.errorLogger.handler
2019-08-04 14:40:06.748  INFO [users-ws,,,] 13512 --- [Thread-36] com.netflix.discovery.DiscoveryClient    : Shutting down DiscoveryClient ...
2019-08-04 14:40:09.749  INFO [users-ws,,,] 13512 --- [Thread-36] com.netflix.discovery.DiscoveryClient    : Unregistering ...
2019-08-04 14:40:09.753  INFO [users-ws,,,] 13512 --- [Thread-36] com.netflix.discovery.DiscoveryClient    : DiscoveryClient_USERS-WS/users-ws:342cde8f14438b5756624635617d8a70 - deregister  status: 200
2019-08-04 14:40:09.762  INFO [users-ws,,,] 13512 --- [Thread-36] com.netflix.discovery.DiscoveryClient    : Completed shut down of DiscoveryClient
2019-08-04 14:40:09.762  INFO [users-ws,,,] 13512 --- [Thread-36] com.zaxxer.hikari.HikariDataSource       : HikariPool-3 - Shutdown initiated...
2019-08-04 14:40:09.790  INFO [users-ws,,,] 13512 --- [Thread-36] com.zaxxer.hikari.HikariDataSource       : HikariPool-3 - Shutdown completed.
2019-08-04 14:40:16.484  INFO [users-ws,,,] 13512 --- [restartedMain] c.c.c.ConfigServicePropertySourceLocator : Fetching config from server at : http://localhost:8012
2019-08-04 14:40:23.982  INFO [users-ws,,,] 13512 --- [restartedMain] c.c.c.ConfigServicePropertySourceLocator : Located environment: name=users-ws, profiles=[default], label=null, version=null, state=null
2019-08-04 14:40:23.983  INFO [users-ws,,,] 13512 --- [restartedMain] b.c.PropertySourceBootstrapConfiguration : Located property source: CompositePropertySource {name='configService', propertySources=[MapPropertySource {name='file:///C:/Temp/PhotoApiConfigServer/users-ws.properties'}, MapPropertySource {name='file:///C:/Temp/PhotoApiConfigServer/application.properties'}, MapPropertySource {name='https://github.com/lassulfi/PhotoAppAPIConfiguration/application.properties'}]}
2019-08-04 14:40:24.007  INFO [users-ws,,,] 13512 --- [restartedMain] c.l.a.p.a.u.PhotoAppApiUsersApplication  : No active profile set, falling back to default profiles: default
2019-08-04 14:40:26.921  INFO [users-ws,,,] 13512 --- [restartedMain] .s.d.r.c.RepositoryConfigurationDelegate : Bootstrapping Spring Data repositories in DEFAULT mode.
2019-08-04 14:40:27.003  INFO [users-ws,,,] 13512 --- [restartedMain] .s.d.r.c.RepositoryConfigurationDelegate : Finished Spring Data repository scanning in 82ms. Found 1 repository interfaces.
2019-08-04 14:40:27.782  INFO [users-ws,,,] 13512 --- [restartedMain] o.s.cloud.context.scope.GenericScope     : BeanFactory id=5beb4fc5-8270-3a2f-9cb0-7e1f469cb142
2019-08-04 14:40:27.824  INFO [users-ws,,,] 13512 --- [restartedMain] faultConfiguringBeanFactoryPostProcessor : No bean named 'errorChannel' has been explicitly defined. Therefore, a default PublishSubscribeChannel will be created.
2019-08-04 14:40:27.825  INFO [users-ws,,,] 13512 --- [restartedMain] faultConfiguringBeanFactoryPostProcessor : No bean named 'taskScheduler' has been explicitly defined. Therefore, a default ThreadPoolTaskScheduler will be created.
2019-08-04 14:40:27.833  INFO [users-ws,,,] 13512 --- [restartedMain] faultConfiguringBeanFactoryPostProcessor : No bean named 'integrationHeaderChannelRegistry' has been explicitly defined. Therefore, a default DefaultHeaderChannelRegistry will be created.
2019-08-04 14:40:28.096  INFO [users-ws,,,] 13512 --- [restartedMain] trationDelegate$BeanPostProcessorChecker : Bean 'org.springframework.transaction.annotation.ProxyTransactionManagementConfiguration' of type [org.springframework.transaction.annotation.ProxyTransactionManagementConfiguration$$EnhancerBySpringCGLIB$$60c48688] is not eligible for getting processed by all BeanPostProcessors (for example: not eligible for auto-proxying)
2019-08-04 14:40:28.134  INFO [users-ws,,,] 13512 --- [restartedMain] trationDelegate$BeanPostProcessorChecker : Bean 'integrationDisposableAutoCreatedBeans' of type [org.springframework.integration.config.annotation.Disposables] is not eligible for getting processed by all BeanPostProcessors (for example: not eligible for auto-proxying)
2019-08-04 14:40:28.230  INFO [users-ws,,,] 13512 --- [restartedMain] trationDelegate$BeanPostProcessorChecker : Bean 'org.springframework.integration.config.IntegrationManagementConfiguration' of type [org.springframework.integration.config.IntegrationManagementConfiguration$$EnhancerBySpringCGLIB$$cbb641b7] is not eligible for getting processed by all BeanPostProcessors (for example: not eligible for auto-proxying)
2019-08-04 14:40:28.277  INFO [users-ws,,,] 13512 --- [restartedMain] trationDelegate$BeanPostProcessorChecker : Bean 'org.springframework.boot.autoconfigure.integration.IntegrationAutoConfiguration$IntegrationJmxConfiguration' of type [org.springframework.boot.autoconfigure.integration.IntegrationAutoConfiguration$IntegrationJmxConfiguration$$EnhancerBySpringCGLIB$$a7484cd7] is not eligible for getting processed by all BeanPostProcessors (for example: not eligible for auto-proxying)
2019-08-04 14:40:28.289  INFO [users-ws,,,] 13512 --- [restartedMain] trationDelegate$BeanPostProcessorChecker : Bean 'org.springframework.boot.autoconfigure.jmx.JmxAutoConfiguration' of type [org.springframework.boot.autoconfigure.jmx.JmxAutoConfiguration$$EnhancerBySpringCGLIB$$e02ff5a4] is not eligible for getting processed by all BeanPostProcessors (for example: not eligible for auto-proxying)
2019-08-04 14:40:28.305  INFO [users-ws,,,] 13512 --- [restartedMain] trationDelegate$BeanPostProcessorChecker : Bean 'mbeanServer' of type [com.sun.jmx.mbeanserver.JmxMBeanServer] is not eligible for getting processed by all BeanPostProcessors (for example: not eligible for auto-proxying)
2019-08-04 14:40:28.472  INFO [users-ws,,,] 13512 --- [restartedMain] trationDelegate$BeanPostProcessorChecker : Bean 'org.springframework.cloud.autoconfigure.ConfigurationPropertiesRebinderAutoConfiguration' of type [org.springframework.cloud.autoconfigure.ConfigurationPropertiesRebinderAutoConfiguration$$EnhancerBySpringCGLIB$$7cde8985] is not eligible for getting processed by all BeanPostProcessors (for example: not eligible for auto-proxying)
